1658143302751	geckodriver	INFO	Listening on 127.0.0.1:64484
1658222959454	geckodriver	INFO	Listening on 127.0.0.1:53330
1658223217950	geckodriver	INFO	Listening on 127.0.0.1:52095
1658223654738	geckodriver	INFO	Listening on 127.0.0.1:60220
1658223657783	mozrunner::runner	INFO	Running command: "C:\\Users\\User\\AppData\\Local\\Mozilla Firefox\\firefox.exe" "--marionette" "--remote-debugging-port" "60221" "--remote-allow-hosts" "localhost" "-no-remote" "-profile" "C:\\Users\\User\\AppData\\Local\\Temp\\rust_mozprofilePDnxxc"
1658223658056	Marionette	INFO	Marionette enabled
1658223658059	Marionette	INFO	Listening on port 60233
WebDriver BiDi listening on ws://localhost:60221
Read port: 60233
1658223658142	RemoteAgent	WARN	TLS certificate errors will be ignored for this session
console.warn: SearchSettings: "get: No settings file exists, new profile?" (new NotFoundError("Could not open the file at C:\\Users\\User\\AppData\\Local\\Temp\\rust_mozprofilePDnxxc\\search.json.mozlz4", (void 0)))
DevTools listening on ws://localhost:60221/devtools/browser/87e4ec09-0cfb-4543-83e8-bc0039ec12cb
1658223750010	Marionette	INFO	Stopped listening on port 60233
console.warn: TopSitesFeed: Failed to fetch data from Contile server: NetworkError when attempting to fetch resource.
arionette" "--remote-debugging-port" "60346" "--remote-allow-hosts" "localhost" "-no-remote" "-profile" "C:\\Users\\User\\AppData\\Local\\Temp\\rust_mozprofile1quOC3"
1658223701629	Marionette	INFO	Marionette enabled
1658223701632	Marionette	INFO	Listening on port 60359
WebDriver BiDi listening on ws://localhost:60346
Read port: 60359
1658223701821	RemoteAgent	WARN	TLS certificate errors will be ignored for this session
console.warn: SearchSettings: "get: No settings file exists, new profile?" (new NotFoundError("Could not open the file at C:\\Users\\User\\AppData\\Local\\Temp\\rust_mozprofile1quOC3\\search.json.mozlz4", (void 0)))
DevTools listening on ws://localhost:60346/devtools/browser/0df85bba-cfcb-435b-ab5c-7444cd39f9d8
1658223748042	Marionette	INFO	Stopped listening on port 60359
console.warn: TopSitesFeed: Failed to fetch data from Contile server: NetworkError when attempting to fetch resource.
1658223759256	geckodriver	INFO	Listening on 127.0.0.1:55355
1658223762306	mozrunner::runner	INFO	Running command: "C:\\Users\\User\\AppData\\Local\\Mozilla Firefox\\firefox.exe" "--marionette" "--remote-debugging-port" "55356" "--remote-allow-hosts" "localhost" "-no-remote" "-profile" "C:\\Users\\User\\AppData\\Local\\Temp\\rust_mozprofilel24BZ7"
1658223762537	Marionette	INFO	Marionette enabled
1658223762540	Marionette	INFO	Listening on port 55367
WebDriver BiDi listening on ws://localhost:55356
Read port: 55367
1658223762725	RemoteAgent	WARN	TLS certificate errors will be ignored for this session
console.warn: SearchSettings: "get: No settings file exists, new profile?" (new NotFoundError("Could not open the file at C:\\Users\\User\\AppData\\Local\\Temp\\rust_mozprofilel24BZ7\\search.json.mozlz4", (void 0)))
DevTools listening on ws://localhost:55356/devtools/browser/5ef9b920-cfc2-44fa-a0b7-4f5d67175845
JavaScript error: resource://gre/modules/AsyncShutdown.jsm, line 575: NotFoundError: No such JSWindowActor 'DevToolsFrame'
1658223838770	Marionette	INFO	Stopped listening on port 55367
1658223840180	geckodriver	INFO	Listening on 127.0.0.1:55521
1658223843221	mozrunner::runner	INFO	Running command: "C:\\Users\\User\\AppData\\Local\\Mozilla Firefox\\firefox.exe" "--marionette" "--remote-debugging-port" "55522" "--remote-allow-hosts" "localhost" "-no-remote" "-profile" "C:\\Users\\User\\AppData\\Local\\Temp\\rust_mozprofileKFCTs8"
1658223843455	Marionette	INFO	Marionette enabled
1658223843458	Marionette	INFO	Listening on port 55536
WebDriver BiDi listening on ws://localhost:55522
Read port: 55536
1658223843640	RemoteAgent	WARN	TLS certificate errors will be ignored for this session
console.warn: SearchSettings: "get: No settings file exists, new profile?" (new NotFoundError("Could not open the file at C:\\Users\\User\\AppData\\Local\\Temp\\rust_mozprofileKFCTs8\\search.json.mozlz4", (void 0)))
DevTools listening on ws://localhost:55522/devtools/browser/f4425e63-297e-49fb-8fdf-5d8187faf57f
JavaScript error: resource://gre/modules/AsyncShutdown.jsm, line 575: NotFoundError: No such JSWindowActor 'DevToolsFrame'
1658224851333	Marionette	INFO	Stopped listening on port 55536
ette" "--remote-debugging-port" "55011" "--remote-allow-hosts" "localhost" "-no-remote" "-profile" "C:\\Users\\User\\AppData\\Local\\Temp\\rust_mozprofileRC9Ryj"
1658224042687	Marionette	INFO	Marionette enabled
1658224042691	Marionette	INFO	Listening on port 55025
WebDriver BiDi listening on ws://localhost:55011
Read port: 55025
1658224042872	RemoteAgent	WARN	TLS certificate errors will be ignored for this session
console.warn: SearchSettings: "get: No settings file exists, new profile?" (new NotFoundError("Could not open the file at C:\\Users\\User\\AppData\\Local\\Temp\\rust_mozprofileRC9Ryj\\search.json.mozlz4", (void 0)))
DevTools listening on ws://localhost:55011/devtools/browser/034dd86d-c538-4c20-9984-14406ac8ae5f
1658224847208	Marionette	INFO	Stopped listening on port 55025
console.warn: TopSitesFeed: Failed to fetch data from Contile server: NetworkError when attempting to fetch resource.
arionette" "--remote-debugging-port" "55486" "--remote-allow-hosts" "localhost" "-no-remote" "-profile" "C:\\Users\\User\\AppData\\Local\\Temp\\rust_mozprofile2WprvK"
1658224413162	Marionette	INFO	Marionette enabled
1658224413166	Marionette	INFO	Listening on port 55497
WebDriver BiDi listening on ws://localhost:55486
Read port: 55497
1658224413362	RemoteAgent	WARN	TLS certificate errors will be ignored for this session
console.warn: SearchSettings: "get: No settings file exists, new profile?" (new NotFoundError("Could not open the file at C:\\Users\\User\\AppData\\Local\\Temp\\rust_mozprofile2WprvK\\search.json.mozlz4", (void 0)))
DevTools listening on ws://localhost:55486/devtools/browser/8745b6f5-944d-44c5-a2f7-280dd49bd7ae
1658224849499	Marionette	INFO	Stopped listening on port 55497
console.warn: TopSitesFeed: Failed to fetch data from Contile server: NetworkError when attempting to fetch resource.
1658224857329	geckodriver	INFO	Listening on 127.0.0.1:50462
1658225057188	geckodriver	INFO	Listening on 127.0.0.1:57345
1658225060251	mozrunner::runner	INFO	Running command: "C:\\Users\\User\\AppData\\Local\\Mozilla Firefox\\firefox.exe" "--marionette" "--remote-debugging-port" "57346" "--remote-allow-hosts" "localhost" "-no-remote" "-profile" "C:\\Users\\User\\AppData\\Local\\Temp\\rust_mozprofileiDGYiG"
1658225060488	Marionette	INFO	Marionette enabled
1658225060492	Marionette	INFO	Listening on port 57356
WebDriver BiDi listening on ws://localhost:57346
Read port: 57356
1658225060669	RemoteAgent	WARN	TLS certificate errors will be ignored for this session
console.warn: SearchSettings: "get: No settings file exists, new profile?" (new NotFoundError("Could not open the file at C:\\Users\\User\\AppData\\Local\\Temp\\rust_mozprofileiDGYiG\\search.json.mozlz4", (void 0)))
DevTools listening on ws://localhost:57346/devtools/browser/7792af27-78c9-48ef-9bbe-72662e19d338
1658225405802	Marionette	INFO	Stopped listening on port 57356
console.warn: TopSitesFeed: Failed to fetch data from Contile server: NetworkError when attempting to fetch resource.
